[debug] [2020-03-22T00:56:48.431Z] ----------------------------------------------------------------------
[debug] [2020-03-22T00:56:48.434Z] Command:       C:\Program Files\nodejs\node.exe C:\Users\Aneken\AppData\Roaming\npm\node_modules\firebase-tools\lib\bin\firebase.js init
[debug] [2020-03-22T00:56:48.434Z] CLI Version:   7.15.1
[debug] [2020-03-22T00:56:48.434Z] Platform:      win32
[debug] [2020-03-22T00:56:48.434Z] Node Version:  v13.11.0
[debug] [2020-03-22T00:56:48.436Z] Time:          Sun Mar 22 2020 03:56:48 GMT+0300 (Москва, стандартное время)
[debug] [2020-03-22T00:56:48.437Z] ----------------------------------------------------------------------
[debug] [2020-03-22T00:56:48.437Z] 
[debug] [2020-03-22T00:56:48.447Z] > command requires scopes: ["email","openid","https://www.googleapis.com/auth/cloudplatformprojects.readonly","https://www.googleapis.com/auth/firebase","https://www.googleapis.com/auth/cloud-platform"]
[debug] [2020-03-22T00:56:48.447Z] > authorizing via signed-in user
[info] 
     ######## #### ########  ######## ########     ###     ######  ########
     ##        ##  ##     ## ##       ##     ##  ##   ##  ##       ##
     ######    ##  ########  ######   ########  #########  ######  ######
     ##        ##  ##    ##  ##       ##     ## ##     ##       ## ##
     ##       #### ##     ## ######## ########  ##     ##  ######  ########

You're about to initialize a Firebase project in this directory:

  C:\IT-Incubator\Vue\vue-crm

Before we get started, keep in mind:

  * You are currently outside your home directory

[info] 
=== Project Setup
[info] 
[info] First, let's associate this project directory with a Firebase project.
[info] You can create multiple project aliases by running firebase use --add, 
[info] but for now we'll just set up a default project.
[info] 
